running egg_info
creating ../build/jaebaldaera/jaebaldaera.egg-info
writing ../build/jaebaldaera/jaebaldaera.egg-info/PKG-INFO
writing dependency_links to ../build/jaebaldaera/jaebaldaera.egg-info/dependency_links.txt
writing entry points to ../build/jaebaldaera/jaebaldaera.egg-info/entry_points.txt
writing requirements to ../build/jaebaldaera/jaebaldaera.egg-info/requires.txt
writing top-level names to ../build/jaebaldaera/jaebaldaera.egg-info/top_level.txt
writing manifest file '../build/jaebaldaera/jaebaldaera.egg-info/SOURCES.txt'
reading manifest file '../build/jaebaldaera/jaebaldaera.egg-info/SOURCES.txt'
writing manifest file '../build/jaebaldaera/jaebaldaera.egg-info/SOURCES.txt'
running build
running build_py
creating /home/libok/dev_ws/src/build/jaebaldaera/build
creating /home/libok/dev_ws/src/build/jaebaldaera/build/lib
creating /home/libok/dev_ws/src/build/jaebaldaera/build/lib/jaebaldaera
copying jaebaldaera/__init__.py -> /home/libok/dev_ws/src/build/jaebaldaera/build/lib/jaebaldaera
copying jaebaldaera/subscriber_node.py -> /home/libok/dev_ws/src/build/jaebaldaera/build/lib/jaebaldaera
copying jaebaldaera/publisher_node.py -> /home/libok/dev_ws/src/build/jaebaldaera/build/lib/jaebaldaera
running install
running install_lib
creating /home/libok/dev_ws/src/install/jaebaldaera/lib/python3.10/site-packages/jaebaldaera
copying /home/libok/dev_ws/src/build/jaebaldaera/build/lib/jaebaldaera/__init__.py -> /home/libok/dev_ws/src/install/jaebaldaera/lib/python3.10/site-packages/jaebaldaera
copying /home/libok/dev_ws/src/build/jaebaldaera/build/lib/jaebaldaera/subscriber_node.py -> /home/libok/dev_ws/src/install/jaebaldaera/lib/python3.10/site-packages/jaebaldaera
copying /home/libok/dev_ws/src/build/jaebaldaera/build/lib/jaebaldaera/publisher_node.py -> /home/libok/dev_ws/src/install/jaebaldaera/lib/python3.10/site-packages/jaebaldaera
byte-compiling /home/libok/dev_ws/src/install/jaebaldaera/lib/python3.10/site-packages/jaebaldaera/__init__.py to __init__.cpython-310.pyc
byte-compiling /home/libok/dev_ws/src/install/jaebaldaera/lib/python3.10/site-packages/jaebaldaera/subscriber_node.py to subscriber_node.cpython-310.pyc
byte-compiling /home/libok/dev_ws/src/install/jaebaldaera/lib/python3.10/site-packages/jaebaldaera/publisher_node.py to publisher_node.cpython-310.pyc
running install_data
creating /home/libok/dev_ws/src/install/jaebaldaera/share/ament_index
creating /home/libok/dev_ws/src/install/jaebaldaera/share/ament_index/resource_index
creating /home/libok/dev_ws/src/install/jaebaldaera/share/ament_index/resource_index/packages
copying resource/jaebaldaera -> /home/libok/dev_ws/src/install/jaebaldaera/share/ament_index/resource_index/packages
copying package.xml -> /home/libok/dev_ws/src/install/jaebaldaera/share/jaebaldaera
creating /home/libok/dev_ws/src/install/jaebaldaera/share/jaebaldaera/launch
copying launch/jaebaldaera_launch.py -> /home/libok/dev_ws/src/install/jaebaldaera/share/jaebaldaera/launch
running install_egg_info
Copying ../build/jaebaldaera/jaebaldaera.egg-info to /home/libok/dev_ws/src/install/jaebaldaera/lib/python3.10/site-packages/jaebaldaera-0.0.0-py3.10.egg-info
running install_scripts
Installing publisher_node script to /home/libok/dev_ws/src/install/jaebaldaera/lib/jaebaldaera
Installing subscriber_node script to /home/libok/dev_ws/src/install/jaebaldaera/lib/jaebaldaera
writing list of installed files to '/home/libok/dev_ws/src/build/jaebaldaera/install.log'
