[0.483s] Invoking command in '/home/libok/dev_ws/src/jaebaldaera': PYTHONPATH=/home/libok/dev_ws/src/build/jaebaldaera/prefix_override:/usr/lib/python3/dist-packages/colcon_core/task/python/colcon_distutils_commands:/home/libok/dev_ws/src/install/jaebaldaera/lib/python3.10/site-packages:${PYTHONPATH} /usr/bin/python3 -W ignore:setup.py install is deprecated -W ignore:easy_install command is deprecated setup.py egg_info --egg-base ../build/jaebaldaera build --build-base /home/libok/dev_ws/src/build/jaebaldaera/build install --record /home/libok/dev_ws/src/build/jaebaldaera/install.log --single-version-externally-managed install_data
[0.620s] running egg_info
[0.620s] creating ../build/jaebaldaera/jaebaldaera.egg-info
[0.621s] writing ../build/jaebaldaera/jaebaldaera.egg-info/PKG-INFO
[0.621s] writing dependency_links to ../build/jaebaldaera/jaebaldaera.egg-info/dependency_links.txt
[0.621s] writing entry points to ../build/jaebaldaera/jaebaldaera.egg-info/entry_points.txt
[0.621s] writing requirements to ../build/jaebaldaera/jaebaldaera.egg-info/requires.txt
[0.621s] writing top-level names to ../build/jaebaldaera/jaebaldaera.egg-info/top_level.txt
[0.621s] writing manifest file '../build/jaebaldaera/jaebaldaera.egg-info/SOURCES.txt'
[0.622s] reading manifest file '../build/jaebaldaera/jaebaldaera.egg-info/SOURCES.txt'
[0.622s] writing manifest file '../build/jaebaldaera/jaebaldaera.egg-info/SOURCES.txt'
[0.622s] running build
[0.623s] running build_py
[0.623s] creating /home/libok/dev_ws/src/build/jaebaldaera/build
[0.623s] creating /home/libok/dev_ws/src/build/jaebaldaera/build/lib
[0.623s] creating /home/libok/dev_ws/src/build/jaebaldaera/build/lib/jaebaldaera
[0.623s] copying jaebaldaera/__init__.py -> /home/libok/dev_ws/src/build/jaebaldaera/build/lib/jaebaldaera
[0.623s] copying jaebaldaera/subscriber_node.py -> /home/libok/dev_ws/src/build/jaebaldaera/build/lib/jaebaldaera
[0.623s] copying jaebaldaera/publisher_node.py -> /home/libok/dev_ws/src/build/jaebaldaera/build/lib/jaebaldaera
[0.623s] running install
[0.623s] running install_lib
[0.623s] creating /home/libok/dev_ws/src/install/jaebaldaera/lib/python3.10/site-packages/jaebaldaera
[0.623s] copying /home/libok/dev_ws/src/build/jaebaldaera/build/lib/jaebaldaera/__init__.py -> /home/libok/dev_ws/src/install/jaebaldaera/lib/python3.10/site-packages/jaebaldaera
[0.623s] copying /home/libok/dev_ws/src/build/jaebaldaera/build/lib/jaebaldaera/subscriber_node.py -> /home/libok/dev_ws/src/install/jaebaldaera/lib/python3.10/site-packages/jaebaldaera
[0.623s] copying /home/libok/dev_ws/src/build/jaebaldaera/build/lib/jaebaldaera/publisher_node.py -> /home/libok/dev_ws/src/install/jaebaldaera/lib/python3.10/site-packages/jaebaldaera
[0.623s] byte-compiling /home/libok/dev_ws/src/install/jaebaldaera/lib/python3.10/site-packages/jaebaldaera/__init__.py to __init__.cpython-310.pyc
[0.624s] byte-compiling /home/libok/dev_ws/src/install/jaebaldaera/lib/python3.10/site-packages/jaebaldaera/subscriber_node.py to subscriber_node.cpython-310.pyc
[0.624s] byte-compiling /home/libok/dev_ws/src/install/jaebaldaera/lib/python3.10/site-packages/jaebaldaera/publisher_node.py to publisher_node.cpython-310.pyc
[0.624s] running install_data
[0.624s] creating /home/libok/dev_ws/src/install/jaebaldaera/share/ament_index
[0.624s] creating /home/libok/dev_ws/src/install/jaebaldaera/share/ament_index/resource_index
[0.624s] creating /home/libok/dev_ws/src/install/jaebaldaera/share/ament_index/resource_index/packages
[0.624s] copying resource/jaebaldaera -> /home/libok/dev_ws/src/install/jaebaldaera/share/ament_index/resource_index/packages
[0.624s] copying package.xml -> /home/libok/dev_ws/src/install/jaebaldaera/share/jaebaldaera
[0.624s] creating /home/libok/dev_ws/src/install/jaebaldaera/share/jaebaldaera/launch
[0.625s] copying launch/jaebaldaera_launch.py -> /home/libok/dev_ws/src/install/jaebaldaera/share/jaebaldaera/launch
[0.625s] running install_egg_info
[0.625s] Copying ../build/jaebaldaera/jaebaldaera.egg-info to /home/libok/dev_ws/src/install/jaebaldaera/lib/python3.10/site-packages/jaebaldaera-0.0.0-py3.10.egg-info
[0.626s] running install_scripts
[0.639s] Installing publisher_node script to /home/libok/dev_ws/src/install/jaebaldaera/lib/jaebaldaera
[0.639s] Installing subscriber_node script to /home/libok/dev_ws/src/install/jaebaldaera/lib/jaebaldaera
[0.639s] writing list of installed files to '/home/libok/dev_ws/src/build/jaebaldaera/install.log'
[0.662s] Invoked command in '/home/libok/dev_ws/src/jaebaldaera' returned '0': PYTHONPATH=/home/libok/dev_ws/src/build/jaebaldaera/prefix_override:/usr/lib/python3/dist-packages/colcon_core/task/python/colcon_distutils_commands:/home/libok/dev_ws/src/install/jaebaldaera/lib/python3.10/site-packages:${PYTHONPATH} /usr/bin/python3 -W ignore:setup.py install is deprecated -W ignore:easy_install command is deprecated setup.py egg_info --egg-base ../build/jaebaldaera build --build-base /home/libok/dev_ws/src/build/jaebaldaera/build install --record /home/libok/dev_ws/src/build/jaebaldaera/install.log --single-version-externally-managed install_data
