[0.153s] Invoking command in '/home/libok/dev_ws/src/build/hw2_cbuild': /usr/bin/cmake /home/libok/dev_ws/src/hw2_cbuild -DCMAKE_INSTALL_PREFIX=/home/libok/dev_ws/src/install/hw2_cbuild
[0.202s] -- The C compiler identification is GNU 11.4.0
[0.240s] -- The CXX compiler identification is GNU 11.4.0
[0.244s] -- Detecting C compiler ABI info
[0.292s] -- Detecting C compiler ABI info - done
[0.297s] -- Check for working C compiler: /usr/bin/cc - skipped
[0.297s] -- Detecting C compile features
[0.297s] -- Detecting C compile features - done
[0.299s] -- Detecting CXX compiler ABI info
[0.359s] -- Detecting CXX compiler ABI info - done
[0.363s] -- Check for working CXX compiler: /usr/bin/c++ - skipped
[0.364s] -- Detecting CXX compile features
[0.364s] -- Detecting CXX compile features - done
[0.365s] -- Found ament_cmake: 1.3.11 (/opt/ros/humble/share/ament_cmake/cmake)
[0.467s] -- Found Python3: /usr/bin/python3 (found version "3.10.12") found components: Interpreter 
[0.524s] -- Found rclcpp: 16.0.11 (/opt/ros/humble/share/rclcpp/cmake)
[0.548s] -- Found rosidl_generator_c: 3.1.6 (/opt/ros/humble/share/rosidl_generator_c/cmake)
[0.550s] -- Found rosidl_adapter: 3.1.6 (/opt/ros/humble/share/rosidl_adapter/cmake)
[0.554s] -- Found rosidl_generator_cpp: 3.1.6 (/opt/ros/humble/share/rosidl_generator_cpp/cmake)
[0.562s] -- Using all available rosidl_typesupport_c: rosidl_typesupport_fastrtps_c;rosidl_typesupport_introspection_c
[0.571s] -- Using all available rosidl_typesupport_cpp: rosidl_typesupport_fastrtps_cpp;rosidl_typesupport_introspection_cpp
[0.597s] -- Found rmw_implementation_cmake: 6.1.2 (/opt/ros/humble/share/rmw_implementation_cmake/cmake)
[0.598s] -- Found rmw_fastrtps_cpp: 6.2.7 (/opt/ros/humble/share/rmw_fastrtps_cpp/cmake)
[0.664s] -- Found OpenSSL: /usr/lib/x86_64-linux-gnu/libcrypto.so (found version "3.0.2")  
[0.679s] -- Found FastRTPS: /opt/ros/humble/include  
[0.714s] -- Using RMW implementation 'rmw_fastrtps_cpp' as default
[0.721s] -- Looking for pthread.h
[0.770s] -- Looking for pthread.h - found
[0.770s] -- Performing Test CMAKE_HAVE_LIBC_PTHREAD
[0.829s] -- Performing Test CMAKE_HAVE_LIBC_PTHREAD - Success
[0.830s] -- Found Threads: TRUE  
[0.858s] -- Found sensor_msgs: 4.2.4 (/opt/ros/humble/share/sensor_msgs/cmake)
[0.876s] -- Found ament_lint_auto: 0.12.11 (/opt/ros/humble/share/ament_lint_auto/cmake)
[0.908s] Error parsing '/home/libok/dev_ws/src/hw2_cbuild/package.xml':
[0.934s] Traceback (most recent call last):
[0.934s]   File "/opt/ros/humble/share/ament_cmake_core/cmake/core/package_xml_2_cmake.py", line 150, in <module>
[0.934s]     main()
[0.934s]   File "/opt/ros/humble/share/ament_cmake_core/cmake/core/package_xml_2_cmake.py", line 53, in main
[0.934s]     raise e
[0.934s]   File "/opt/ros/humble/share/ament_cmake_core/cmake/core/package_xml_2_cmake.py", line 49, in main
[0.934s]     package = parse_package_string(
[0.934s]   File "/usr/lib/python3/dist-packages/catkin_pkg/package.py", line 788, in parse_package_string
[0.934s]     pkg.validate(warnings=warnings)
[0.935s]   File "/usr/lib/python3/dist-packages/catkin_pkg/package.py", line 330, in validate
[0.935s]     raise InvalidPackage('\n'.join(errors), self.filename)
[0.935s] catkin_pkg.package.InvalidPackage: Error(s) in package '/home/libok/dev_ws/src/hw2_cbuild/package.xml':
[0.935s] Invalid email "libok1117@gmail.com~" for person "libok"
[0.943s] [31mCMake Error at /opt/ros/humble/share/ament_cmake_core/cmake/core/ament_package_xml.cmake:95 (message):
[0.943s]   execute_process(/usr/bin/python3
[0.943s]   /opt/ros/humble/share/ament_cmake_core/cmake/core/package_xml_2_cmake.py
[0.943s]   /home/libok/dev_ws/src/hw2_cbuild/package.xml
[0.943s]   /home/libok/dev_ws/src/build/hw2_cbuild/ament_cmake_core/package.cmake)
[0.943s]   returned error code 1
[0.943s] Call Stack (most recent call first):
[0.943s]   /opt/ros/humble/share/ament_cmake_core/cmake/core/ament_package_xml.cmake:49 (_ament_package_xml)
[0.943s]   /opt/ros/humble/share/ament_lint_auto/cmake/ament_lint_auto_find_test_dependencies.cmake:31 (ament_package_xml)
[0.943s]   CMakeLists.txt:32 (ament_lint_auto_find_test_dependencies)
[0.943s] 
[0.943s] [0m
[0.943s] -- Configuring incomplete, errors occurred!
[0.943s] See also "/home/libok/dev_ws/src/build/hw2_cbuild/CMakeFiles/CMakeOutput.log".
[0.951s] Invoked command in '/home/libok/dev_ws/src/build/hw2_cbuild' returned '1': /usr/bin/cmake /home/libok/dev_ws/src/hw2_cbuild -DCMAKE_INSTALL_PREFIX=/home/libok/dev_ws/src/install/hw2_cbuild
