[0.061s] DEBUG:colcon:Command line arguments: ['/usr/bin/colcon', 'build']
[0.062s] DEBUG:colcon:Parsed command line arguments: Namespace(log_base=None, log_level=None, verb_name='build', build_base='build', install_base='install', merge_install=False, symlink_install=False, test_result_base=None, continue_on_error=False, executor='parallel', parallel_workers=18, event_handlers=None, ignore_user_meta=False, metas=['./colcon.meta'], base_paths=['.'], packages_ignore=None, packages_ignore_regex=None, paths=None, packages_up_to=None, packages_up_to_regex=None, packages_above=None, packages_above_and_dependencies=None, packages_above_depth=None, packages_select_by_dep=None, packages_skip_by_dep=None, packages_skip_up_to=None, packages_select_build_failed=False, packages_skip_build_finished=False, packages_select_test_failures=False, packages_skip_test_passed=False, packages_select=None, packages_skip=None, packages_select_regex=None, packages_skip_regex=None, packages_start=None, packages_end=None, allow_overriding=[], cmake_args=None, cmake_target=None, cmake_target_skip_unavailable=False, cmake_clean_cache=False, cmake_clean_first=False, cmake_force_configure=False, ament_cmake_args=None, catkin_cmake_args=None, catkin_skip_building_tests=False, mixin_files=None, mixin=None, verb_parser=<colcon_mixin.mixin.mixin_argument.MixinArgumentDecorator object at 0x7a64b37364a0>, verb_extension=<colcon_core.verb.build.BuildVerb object at 0x7a64b383b3a0>, main=<bound method BuildVerb.main of <colcon_core.verb.build.BuildVerb object at 0x7a64b383b3a0>>, mixin_verb=('build',))
[0.148s] Level 1:colcon.colcon_core.package_discovery:discover_packages(colcon_meta) check parameters
[0.155s] Level 1:colcon.colcon_core.package_discovery:discover_packages(recursive) check parameters
[0.155s] Level 1:colcon.colcon_core.package_discovery:discover_packages(ignore) check parameters
[0.155s] Level 1:colcon.colcon_core.package_discovery:discover_packages(path) check parameters
[0.155s] Level 1:colcon.colcon_core.package_discovery:discover_packages(colcon_meta) discover
[0.155s] Level 1:colcon.colcon_core.package_discovery:discover_packages(recursive) discover
[0.155s] INFO:colcon.colcon_core.package_discovery:Crawling recursively for packages in '/home/libok/dev_ws/src'
[0.155s] Level 1:colcon.colcon_core.package_identification:_identify(.) by extensions ['ignore', 'ignore_ament_install']
[0.155s] Level 1:colcon.colcon_core.package_identification:_identify(.) by extension 'ignore'
[0.155s] Level 1:colcon.colcon_core.package_identification:_identify(.) by extension 'ignore_ament_install'
[0.155s] Level 1:colcon.colcon_core.package_identification:_identify(.) by extensions ['colcon_pkg']
[0.155s] Level 1:colcon.colcon_core.package_identification:_identify(.) by extension 'colcon_pkg'
[0.155s] Level 1:colcon.colcon_core.package_identification:_identify(.) by extensions ['colcon_meta']
[0.155s] Level 1:colcon.colcon_core.package_identification:_identify(.) by extension 'colcon_meta'
[0.155s] Level 1:colcon.colcon_core.package_identification:_identify(.) by extensions ['ros']
[0.155s] Level 1:colcon.colcon_core.package_identification:_identify(.) by extension 'ros'
[0.162s] Level 1:colcon.colcon_core.package_identification:_identify(.) by extensions ['cmake', 'python']
[0.162s] Level 1:colcon.colcon_core.package_identification:_identify(.) by extension 'cmake'
[0.162s] Level 1:colcon.colcon_core.package_identification:_identify(.) by extension 'python'
[0.162s] Level 1:colcon.colcon_core.package_identification:_identify(.) by extensions ['python_setup_py']
[0.162s] Level 1:colcon.colcon_core.package_identification:_identify(.) by extension 'python_setup_py'
[0.162s] Level 1:colcon.colcon_core.package_identification:_identify(build) by extensions ['ignore', 'ignore_ament_install']
[0.162s] Level 1:colcon.colcon_core.package_identification:_identify(build) by extension 'ignore'
[0.162s] Level 1:colcon.colcon_core.package_identification:_identify(build) ignored
[0.162s] Level 1:colcon.colcon_core.package_identification:_identify(hw2) by extensions ['ignore', 'ignore_ament_install']
[0.162s] Level 1:colcon.colcon_core.package_identification:_identify(hw2) by extension 'ignore'
[0.162s] Level 1:colcon.colcon_core.package_identification:_identify(hw2) by extension 'ignore_ament_install'
[0.162s] Level 1:colcon.colcon_core.package_identification:_identify(hw2) by extensions ['colcon_pkg']
[0.162s] Level 1:colcon.colcon_core.package_identification:_identify(hw2) by extension 'colcon_pkg'
[0.162s] Level 1:colcon.colcon_core.package_identification:_identify(hw2) by extensions ['colcon_meta']
[0.162s] Level 1:colcon.colcon_core.package_identification:_identify(hw2) by extension 'colcon_meta'
[0.162s] Level 1:colcon.colcon_core.package_identification:_identify(hw2) by extensions ['ros']
[0.162s] Level 1:colcon.colcon_core.package_identification:_identify(hw2) by extension 'ros'
[0.164s] DEBUG:colcon.colcon_core.package_identification:Package 'hw2' with type 'ros.ament_python' and name 'hw2'
[0.164s] Level 1:colcon.colcon_core.package_identification:_identify(hw2_1) by extensions ['ignore', 'ignore_ament_install']
[0.164s] Level 1:colcon.colcon_core.package_identification:_identify(hw2_1) by extension 'ignore'
[0.164s] Level 1:colcon.colcon_core.package_identification:_identify(hw2_1) by extension 'ignore_ament_install'
[0.164s] Level 1:colcon.colcon_core.package_identification:_identify(hw2_1) by extensions ['colcon_pkg']
[0.164s] Level 1:colcon.colcon_core.package_identification:_identify(hw2_1) by extension 'colcon_pkg'
[0.164s] Level 1:colcon.colcon_core.package_identification:_identify(hw2_1) by extensions ['colcon_meta']
[0.164s] Level 1:colcon.colcon_core.package_identification:_identify(hw2_1) by extension 'colcon_meta'
[0.164s] Level 1:colcon.colcon_core.package_identification:_identify(hw2_1) by extensions ['ros']
[0.164s] Level 1:colcon.colcon_core.package_identification:_identify(hw2_1) by extension 'ros'
[0.164s] Level 1:colcon.colcon_core.package_identification:_identify(hw2_1) by extensions ['cmake', 'python']
[0.164s] Level 1:colcon.colcon_core.package_identification:_identify(hw2_1) by extension 'cmake'
[0.164s] Level 1:colcon.colcon_core.package_identification:_identify(hw2_1) by extension 'python'
[0.164s] Level 1:colcon.colcon_core.package_identification:_identify(hw2_1) by extensions ['python_setup_py']
[0.164s] Level 1:colcon.colcon_core.package_identification:_identify(hw2_1) by extension 'python_setup_py'
[0.164s] Level 1:colcon.colcon_core.package_identification:_identify(hw2_cbuild) by extensions ['ignore', 'ignore_ament_install']
[0.164s] Level 1:colcon.colcon_core.package_identification:_identify(hw2_cbuild) by extension 'ignore'
[0.164s] Level 1:colcon.colcon_core.package_identification:_identify(hw2_cbuild) by extension 'ignore_ament_install'
[0.164s] Level 1:colcon.colcon_core.package_identification:_identify(hw2_cbuild) by extensions ['colcon_pkg']
[0.164s] Level 1:colcon.colcon_core.package_identification:_identify(hw2_cbuild) by extension 'colcon_pkg'
[0.164s] Level 1:colcon.colcon_core.package_identification:_identify(hw2_cbuild) by extensions ['colcon_meta']
[0.164s] Level 1:colcon.colcon_core.package_identification:_identify(hw2_cbuild) by extension 'colcon_meta'
[0.164s] Level 1:colcon.colcon_core.package_identification:_identify(hw2_cbuild) by extensions ['ros']
[0.164s] Level 1:colcon.colcon_core.package_identification:_identify(hw2_cbuild) by extension 'ros'
[0.165s] DEBUG:colcon.colcon_core.package_identification:Found ROS schema reference in package manifest in 'hw2_cbuild'
[0.165s] WARNING:colcon.colcon_core.package_identification:Failed to parse ROS package manifest in 'hw2_cbuild': Error(s) in package 'hw2_cbuild/package.xml':
Invalid email "libok1117@gmail.com~" for person "libok"
[0.165s] Level 1:colcon.colcon_core.package_identification:_identify(hw2_cbuild) by extensions ['cmake', 'python']
[0.165s] Level 1:colcon.colcon_core.package_identification:_identify(hw2_cbuild) by extension 'cmake'
[0.166s] Level 1:colcon.colcon_core.package_identification:_identify(hw2_cbuild) by extension 'python'
[0.166s] DEBUG:colcon.colcon_core.package_identification:Package 'hw2_cbuild' with type 'cmake' and name 'hw2_cbuild'
[0.166s] Level 1:colcon.colcon_core.package_identification:_identify(install) by extensions ['ignore', 'ignore_ament_install']
[0.166s] Level 1:colcon.colcon_core.package_identification:_identify(install) by extension 'ignore'
[0.166s] Level 1:colcon.colcon_core.package_identification:_identify(install) ignored
[0.166s] Level 1:colcon.colcon_core.package_identification:_identify(jaebaldaera) by extensions ['ignore', 'ignore_ament_install']
[0.166s] Level 1:colcon.colcon_core.package_identification:_identify(jaebaldaera) by extension 'ignore'
[0.166s] Level 1:colcon.colcon_core.package_identification:_identify(jaebaldaera) by extension 'ignore_ament_install'
[0.166s] Level 1:colcon.colcon_core.package_identification:_identify(jaebaldaera) by extensions ['colcon_pkg']
[0.166s] Level 1:colcon.colcon_core.package_identification:_identify(jaebaldaera) by extension 'colcon_pkg'
[0.166s] Level 1:colcon.colcon_core.package_identification:_identify(jaebaldaera) by extensions ['colcon_meta']
[0.166s] Level 1:colcon.colcon_core.package_identification:_identify(jaebaldaera) by extension 'colcon_meta'
[0.166s] Level 1:colcon.colcon_core.package_identification:_identify(jaebaldaera) by extensions ['ros']
[0.166s] Level 1:colcon.colcon_core.package_identification:_identify(jaebaldaera) by extension 'ros'
[0.166s] DEBUG:colcon.colcon_core.package_identification:Package 'jaebaldaera' with type 'ros.ament_python' and name 'jaebaldaera'
[0.166s] Level 1:colcon.colcon_core.package_identification:_identify(log) by extensions ['ignore', 'ignore_ament_install']
[0.166s] Level 1:colcon.colcon_core.package_identification:_identify(log) by extension 'ignore'
[0.167s] Level 1:colcon.colcon_core.package_identification:_identify(log) ignored
[0.167s] Level 1:colcon.colcon_core.package_discovery:discover_packages(recursive) using defaults
[0.167s] Level 1:colcon.colcon_core.package_discovery:discover_packages(ignore) discover
[0.167s] Level 1:colcon.colcon_core.package_discovery:discover_packages(ignore) using defaults
[0.167s] Level 1:colcon.colcon_core.package_discovery:discover_packages(path) discover
[0.167s] Level 1:colcon.colcon_core.package_discovery:discover_packages(path) using defaults
[0.184s] Level 1:colcon.colcon_core.package_discovery:discover_packages(prefix_path) check parameters
[0.184s] Level 1:colcon.colcon_core.package_discovery:discover_packages(prefix_path) discover
[0.185s] DEBUG:colcon.colcon_installed_package_information.package_discovery:Found 2 installed packages in /home/libok/dev_ws/install
[0.186s] DEBUG:colcon.colcon_installed_package_information.package_discovery:Found 270 installed packages in /opt/ros/humble
[0.187s] Level 1:colcon.colcon_core.package_discovery:discover_packages(prefix_path) using defaults
[0.206s] Level 5:colcon.colcon_core.verb:set package 'hw2' build argument 'cmake_args' from command line to 'None'
[0.206s] Level 5:colcon.colcon_core.verb:set package 'hw2' build argument 'cmake_target' from command line to 'None'
[0.206s] Level 5:colcon.colcon_core.verb:set package 'hw2' build argument 'cmake_target_skip_unavailable' from command line to 'False'
[0.206s] Level 5:colcon.colcon_core.verb:set package 'hw2' build argument 'cmake_clean_cache' from command line to 'False'
[0.206s] Level 5:colcon.colcon_core.verb:set package 'hw2' build argument 'cmake_clean_first' from command line to 'False'
[0.206s] Level 5:colcon.colcon_core.verb:set package 'hw2' build argument 'cmake_force_configure' from command line to 'False'
[0.206s] Level 5:colcon.colcon_core.verb:set package 'hw2' build argument 'ament_cmake_args' from command line to 'None'
[0.206s] Level 5:colcon.colcon_core.verb:set package 'hw2' build argument 'catkin_cmake_args' from command line to 'None'
[0.206s] Level 5:colcon.colcon_core.verb:set package 'hw2' build argument 'catkin_skip_building_tests' from command line to 'False'
[0.206s] DEBUG:colcon.colcon_core.verb:Building package 'hw2' with the following arguments: {'ament_cmake_args': None, 'build_base': '/home/libok/dev_ws/src/build/hw2', 'catkin_cmake_args': None, 'catkin_skip_building_tests': False, 'cmake_args': None, 'cmake_clean_cache': False, 'cmake_clean_first': False, 'cmake_force_configure': False, 'cmake_target': None, 'cmake_target_skip_unavailable': False, 'install_base': '/home/libok/dev_ws/src/install/hw2', 'merge_install': False, 'path': '/home/libok/dev_ws/src/hw2', 'symlink_install': False, 'test_result_base': None}
[0.206s] Level 5:colcon.colcon_core.verb:set package 'hw2_cbuild' build argument 'cmake_args' from command line to 'None'
[0.206s] Level 5:colcon.colcon_core.verb:set package 'hw2_cbuild' build argument 'cmake_target' from command line to 'None'
[0.206s] Level 5:colcon.colcon_core.verb:set package 'hw2_cbuild' build argument 'cmake_target_skip_unavailable' from command line to 'False'
[0.206s] Level 5:colcon.colcon_core.verb:set package 'hw2_cbuild' build argument 'cmake_clean_cache' from command line to 'False'
[0.206s] Level 5:colcon.colcon_core.verb:set package 'hw2_cbuild' build argument 'cmake_clean_first' from command line to 'False'
[0.206s] Level 5:colcon.colcon_core.verb:set package 'hw2_cbuild' build argument 'cmake_force_configure' from command line to 'False'
[0.206s] Level 5:colcon.colcon_core.verb:set package 'hw2_cbuild' build argument 'ament_cmake_args' from command line to 'None'
[0.206s] Level 5:colcon.colcon_core.verb:set package 'hw2_cbuild' build argument 'catkin_cmake_args' from command line to 'None'
[0.206s] Level 5:colcon.colcon_core.verb:set package 'hw2_cbuild' build argument 'catkin_skip_building_tests' from command line to 'False'
[0.206s] DEBUG:colcon.colcon_core.verb:Building package 'hw2_cbuild' with the following arguments: {'ament_cmake_args': None, 'build_base': '/home/libok/dev_ws/src/build/hw2_cbuild', 'catkin_cmake_args': None, 'catkin_skip_building_tests': False, 'cmake_args': None, 'cmake_clean_cache': False, 'cmake_clean_first': False, 'cmake_force_configure': False, 'cmake_target': None, 'cmake_target_skip_unavailable': False, 'install_base': '/home/libok/dev_ws/src/install/hw2_cbuild', 'merge_install': False, 'path': '/home/libok/dev_ws/src/hw2_cbuild', 'symlink_install': False, 'test_result_base': None}
[0.207s] Level 5:colcon.colcon_core.verb:set package 'jaebaldaera' build argument 'cmake_args' from command line to 'None'
[0.207s] Level 5:colcon.colcon_core.verb:set package 'jaebaldaera' build argument 'cmake_target' from command line to 'None'
[0.207s] Level 5:colcon.colcon_core.verb:set package 'jaebaldaera' build argument 'cmake_target_skip_unavailable' from command line to 'False'
[0.207s] Level 5:colcon.colcon_core.verb:set package 'jaebaldaera' build argument 'cmake_clean_cache' from command line to 'False'
[0.207s] Level 5:colcon.colcon_core.verb:set package 'jaebaldaera' build argument 'cmake_clean_first' from command line to 'False'
[0.207s] Level 5:colcon.colcon_core.verb:set package 'jaebaldaera' build argument 'cmake_force_configure' from command line to 'False'
[0.207s] Level 5:colcon.colcon_core.verb:set package 'jaebaldaera' build argument 'ament_cmake_args' from command line to 'None'
[0.207s] Level 5:colcon.colcon_core.verb:set package 'jaebaldaera' build argument 'catkin_cmake_args' from command line to 'None'
[0.207s] Level 5:colcon.colcon_core.verb:set package 'jaebaldaera' build argument 'catkin_skip_building_tests' from command line to 'False'
[0.207s] DEBUG:colcon.colcon_core.verb:Building package 'jaebaldaera' with the following arguments: {'ament_cmake_args': None, 'build_base': '/home/libok/dev_ws/src/build/jaebaldaera', 'catkin_cmake_args': None, 'catkin_skip_building_tests': False, 'cmake_args': None, 'cmake_clean_cache': False, 'cmake_clean_first': False, 'cmake_force_configure': False, 'cmake_target': None, 'cmake_target_skip_unavailable': False, 'install_base': '/home/libok/dev_ws/src/install/jaebaldaera', 'merge_install': False, 'path': '/home/libok/dev_ws/src/jaebaldaera', 'symlink_install': False, 'test_result_base': None}
[0.207s] INFO:colcon.colcon_core.executor:Executing jobs using 'parallel' executor
[0.208s] DEBUG:colcon.colcon_parallel_executor.executor.parallel:run_until_complete
[0.208s] INFO:colcon.colcon_ros.task.ament_python.build:Building ROS package in '/home/libok/dev_ws/src/hw2' with build type 'ament_python'
[0.208s] Level 1:colcon.colcon_core.shell:create_environment_hook('hw2', 'ament_prefix_path')
[0.209s] INFO:colcon.colcon_core.plugin_system:Skipping extension 'colcon_core.shell.bat': Not used on non-Windows systems
[0.210s] INFO:colcon.colcon_core.shell:Creating environment hook '/home/libok/dev_ws/src/install/hw2/share/hw2/hook/ament_prefix_path.ps1'
[0.210s] INFO:colcon.colcon_core.shell:Creating environment descriptor '/home/libok/dev_ws/src/install/hw2/share/hw2/hook/ament_prefix_path.dsv'
[0.210s] INFO:colcon.colcon_core.shell:Creating environment hook '/home/libok/dev_ws/src/install/hw2/share/hw2/hook/ament_prefix_path.sh'
[0.211s] INFO:colcon.colcon_core.shell:Skip shell extension 'powershell' for command environment: Not usable outside of PowerShell
[0.211s] DEBUG:colcon.colcon_core.shell:Skip shell extension 'dsv' for command environment
[0.213s] INFO:colcon.colcon_cmake.task.cmake.build:Building CMake package in '/home/libok/dev_ws/src/hw2_cbuild'
[0.213s] INFO:colcon.colcon_core.shell:Skip shell extension 'powershell' for command environment: Not usable outside of PowerShell
[0.213s] DEBUG:colcon.colcon_core.shell:Skip shell extension 'dsv' for command environment
[0.215s] INFO:colcon.colcon_ros.task.ament_python.build:Building ROS package in '/home/libok/dev_ws/src/jaebaldaera' with build type 'ament_python'
[0.215s] Level 1:colcon.colcon_core.shell:create_environment_hook('jaebaldaera', 'ament_prefix_path')
[0.215s] INFO:colcon.colcon_core.shell:Creating environment hook '/home/libok/dev_ws/src/install/jaebaldaera/share/jaebaldaera/hook/ament_prefix_path.ps1'
[0.215s] INFO:colcon.colcon_core.shell:Creating environment descriptor '/home/libok/dev_ws/src/install/jaebaldaera/share/jaebaldaera/hook/ament_prefix_path.dsv'
[0.215s] INFO:colcon.colcon_core.shell:Creating environment hook '/home/libok/dev_ws/src/install/jaebaldaera/share/jaebaldaera/hook/ament_prefix_path.sh'
[0.216s] INFO:colcon.colcon_core.shell:Skip shell extension 'powershell' for command environment: Not usable outside of PowerShell
[0.216s] DEBUG:colcon.colcon_core.shell:Skip shell extension 'dsv' for command environment
[0.361s] INFO:colcon.colcon_core.task.python.build:Building Python package in '/home/libok/dev_ws/src/hw2'
[0.361s] INFO:colcon.colcon_core.shell:Skip shell extension 'powershell' for command environment: Not usable outside of PowerShell
[0.361s] DEBUG:colcon.colcon_core.shell:Skip shell extension 'dsv' for command environment
[0.366s] DEBUG:colcon.colcon_core.event_handler.log_command:Invoking command in '/home/libok/dev_ws/src/build/hw2_cbuild': /usr/bin/cmake /home/libok/dev_ws/src/hw2_cbuild -DCMAKE_INSTALL_PREFIX=/home/libok/dev_ws/src/install/hw2_cbuild
[0.505s] INFO:colcon.colcon_core.task.python.build:Building Python package in '/home/libok/dev_ws/src/jaebaldaera'
[0.506s] INFO:colcon.colcon_core.shell:Skip shell extension 'powershell' for command environment: Not usable outside of PowerShell
[0.506s] DEBUG:colcon.colcon_core.shell:Skip shell extension 'dsv' for command environment
[0.698s] DEBUG:colcon.colcon_core.event_handler.log_command:Invoking command in '/home/libok/dev_ws/src/jaebaldaera': PYTHONPATH=/home/libok/dev_ws/src/build/jaebaldaera/prefix_override:/usr/lib/python3/dist-packages/colcon_core/task/python/colcon_distutils_commands:/home/libok/dev_ws/src/install/jaebaldaera/lib/python3.10/site-packages:${PYTHONPATH} /usr/bin/python3 -W ignore:setup.py install is deprecated -W ignore:easy_install command is deprecated setup.py egg_info --egg-base ../build/jaebaldaera build --build-base /home/libok/dev_ws/src/build/jaebaldaera/build install --record /home/libok/dev_ws/src/build/jaebaldaera/install.log --single-version-externally-managed install_data
[0.699s] DEBUG:colcon.colcon_core.event_handler.log_command:Invoking command in '/home/libok/dev_ws/src/hw2': PYTHONPATH=/home/libok/dev_ws/src/build/hw2/prefix_override:/usr/lib/python3/dist-packages/colcon_core/task/python/colcon_distutils_commands:/home/libok/dev_ws/src/install/hw2/lib/python3.10/site-packages:${PYTHONPATH} /usr/bin/python3 -W ignore:setup.py install is deprecated -W ignore:easy_install command is deprecated setup.py egg_info --egg-base ../build/hw2 build --build-base /home/libok/dev_ws/src/build/hw2/build install --record /home/libok/dev_ws/src/build/hw2/install.log --single-version-externally-managed install_data
[0.869s] DEBUG:colcon.colcon_core.event_handler.log_command:Invoked command in '/home/libok/dev_ws/src/hw2' returned '0': PYTHONPATH=/home/libok/dev_ws/src/build/hw2/prefix_override:/usr/lib/python3/dist-packages/colcon_core/task/python/colcon_distutils_commands:/home/libok/dev_ws/src/install/hw2/lib/python3.10/site-packages:${PYTHONPATH} /usr/bin/python3 -W ignore:setup.py install is deprecated -W ignore:easy_install command is deprecated setup.py egg_info --egg-base ../build/hw2 build --build-base /home/libok/dev_ws/src/build/hw2/build install --record /home/libok/dev_ws/src/build/hw2/install.log --single-version-externally-managed install_data
[0.871s] Level 1:colcon.colcon_core.environment:checking '/home/libok/dev_ws/src/install/hw2' for CMake module files
[0.871s] Level 1:colcon.colcon_core.environment:checking '/home/libok/dev_ws/src/install/hw2' for CMake config files
[0.872s] Level 1:colcon.colcon_core.environment:checking '/home/libok/dev_ws/src/install/hw2/lib'
[0.872s] Level 1:colcon.colcon_core.environment:checking '/home/libok/dev_ws/src/install/hw2/bin'
[0.872s] Level 1:colcon.colcon_core.environment:checking '/home/libok/dev_ws/src/install/hw2/lib/pkgconfig/hw2.pc'
[0.872s] Level 1:colcon.colcon_core.environment:checking '/home/libok/dev_ws/src/install/hw2/lib/python3.10/site-packages'
[0.872s] Level 1:colcon.colcon_core.shell:create_environment_hook('hw2', 'pythonpath')
[0.872s] INFO:colcon.colcon_core.shell:Creating environment hook '/home/libok/dev_ws/src/install/hw2/share/hw2/hook/pythonpath.ps1'
[0.873s] INFO:colcon.colcon_core.shell:Creating environment descriptor '/home/libok/dev_ws/src/install/hw2/share/hw2/hook/pythonpath.dsv'
[0.873s] INFO:colcon.colcon_core.shell:Creating environment hook '/home/libok/dev_ws/src/install/hw2/share/hw2/hook/pythonpath.sh'
[0.873s] Level 1:colcon.colcon_core.environment:checking '/home/libok/dev_ws/src/install/hw2/bin'
[0.873s] Level 1:colcon.colcon_core.environment:create_environment_scripts_only(hw2)
[0.873s] INFO:colcon.colcon_core.shell:Creating package script '/home/libok/dev_ws/src/install/hw2/share/hw2/package.ps1'
[0.874s] INFO:colcon.colcon_core.shell:Creating package descriptor '/home/libok/dev_ws/src/install/hw2/share/hw2/package.dsv'
[0.874s] INFO:colcon.colcon_core.shell:Creating package script '/home/libok/dev_ws/src/install/hw2/share/hw2/package.sh'
[0.874s] INFO:colcon.colcon_core.shell:Creating package script '/home/libok/dev_ws/src/install/hw2/share/hw2/package.bash'
[0.875s] INFO:colcon.colcon_core.shell:Creating package script '/home/libok/dev_ws/src/install/hw2/share/hw2/package.zsh'
[0.875s] Level 1:colcon.colcon_core.environment:create_file_with_runtime_dependencies(/home/libok/dev_ws/src/install/hw2/share/colcon-core/packages/hw2)
[0.876s] Level 1:colcon.colcon_core.environment:checking '/home/libok/dev_ws/src/install/jaebaldaera' for CMake module files
[0.877s] DEBUG:colcon.colcon_core.event_handler.log_command:Invoked command in '/home/libok/dev_ws/src/jaebaldaera' returned '0': PYTHONPATH=/home/libok/dev_ws/src/build/jaebaldaera/prefix_override:/usr/lib/python3/dist-packages/colcon_core/task/python/colcon_distutils_commands:/home/libok/dev_ws/src/install/jaebaldaera/lib/python3.10/site-packages:${PYTHONPATH} /usr/bin/python3 -W ignore:setup.py install is deprecated -W ignore:easy_install command is deprecated setup.py egg_info --egg-base ../build/jaebaldaera build --build-base /home/libok/dev_ws/src/build/jaebaldaera/build install --record /home/libok/dev_ws/src/build/jaebaldaera/install.log --single-version-externally-managed install_data
[0.877s] Level 1:colcon.colcon_core.environment:checking '/home/libok/dev_ws/src/install/jaebaldaera' for CMake config files
[0.878s] Level 1:colcon.colcon_core.environment:checking '/home/libok/dev_ws/src/install/jaebaldaera/lib'
[0.878s] Level 1:colcon.colcon_core.environment:checking '/home/libok/dev_ws/src/install/jaebaldaera/bin'
[0.878s] Level 1:colcon.colcon_core.environment:checking '/home/libok/dev_ws/src/install/jaebaldaera/lib/pkgconfig/jaebaldaera.pc'
[0.878s] Level 1:colcon.colcon_core.environment:checking '/home/libok/dev_ws/src/install/jaebaldaera/lib/python3.10/site-packages'
[0.878s] Level 1:colcon.colcon_core.shell:create_environment_hook('jaebaldaera', 'pythonpath')
[0.878s] INFO:colcon.colcon_core.shell:Creating environment hook '/home/libok/dev_ws/src/install/jaebaldaera/share/jaebaldaera/hook/pythonpath.ps1'
[0.879s] INFO:colcon.colcon_core.shell:Creating environment descriptor '/home/libok/dev_ws/src/install/jaebaldaera/share/jaebaldaera/hook/pythonpath.dsv'
[0.879s] INFO:colcon.colcon_core.shell:Creating environment hook '/home/libok/dev_ws/src/install/jaebaldaera/share/jaebaldaera/hook/pythonpath.sh'
[0.879s] Level 1:colcon.colcon_core.environment:checking '/home/libok/dev_ws/src/install/jaebaldaera/bin'
[0.879s] Level 1:colcon.colcon_core.environment:create_environment_scripts_only(jaebaldaera)
[0.880s] INFO:colcon.colcon_core.shell:Creating package script '/home/libok/dev_ws/src/install/jaebaldaera/share/jaebaldaera/package.ps1'
[0.880s] INFO:colcon.colcon_core.shell:Creating package descriptor '/home/libok/dev_ws/src/install/jaebaldaera/share/jaebaldaera/package.dsv'
[0.881s] INFO:colcon.colcon_core.shell:Creating package script '/home/libok/dev_ws/src/install/jaebaldaera/share/jaebaldaera/package.sh'
[0.881s] INFO:colcon.colcon_core.shell:Creating package script '/home/libok/dev_ws/src/install/jaebaldaera/share/jaebaldaera/package.bash'
[0.881s] INFO:colcon.colcon_core.shell:Creating package script '/home/libok/dev_ws/src/install/jaebaldaera/share/jaebaldaera/package.zsh'
[0.881s] Level 1:colcon.colcon_core.environment:create_file_with_runtime_dependencies(/home/libok/dev_ws/src/install/jaebaldaera/share/colcon-core/packages/jaebaldaera)
[1.164s] DEBUG:colcon.colcon_core.event_handler.log_command:Invoked command in '/home/libok/dev_ws/src/build/hw2_cbuild' returned '1': /usr/bin/cmake /home/libok/dev_ws/src/hw2_cbuild -DCMAKE_INSTALL_PREFIX=/home/libok/dev_ws/src/install/hw2_cbuild
[1.175s] DEBUG:colcon.colcon_parallel_executor.executor.parallel:closing loop
[1.175s] DEBUG:colcon.colcon_parallel_executor.executor.parallel:loop closed
[1.175s] DEBUG:colcon.colcon_parallel_executor.executor.parallel:run_until_complete finished with '1'
[1.175s] DEBUG:colcon.colcon_core.event_reactor:joining thread
[1.178s] INFO:colcon.colcon_core.plugin_system:Skipping extension 'colcon_notification.desktop_notification.terminal_notifier': Not used on non-Darwin systems
[1.178s] INFO:colcon.colcon_core.plugin_system:Skipping extension 'colcon_notification.desktop_notification.win32': Not used on non-Windows systems
[1.178s] INFO:colcon.colcon_notification.desktop_notification:Sending desktop notification using 'notify2'
[1.190s] DEBUG:colcon.colcon_core.event_reactor:joined thread
[1.190s] INFO:colcon.colcon_core.shell:Creating prefix script '/home/libok/dev_ws/src/install/local_setup.ps1'
[1.191s] INFO:colcon.colcon_core.shell:Creating prefix util module '/home/libok/dev_ws/src/install/_local_setup_util_ps1.py'
[1.191s] INFO:colcon.colcon_core.shell:Creating prefix chain script '/home/libok/dev_ws/src/install/setup.ps1'
[1.192s] INFO:colcon.colcon_core.shell:Creating prefix script '/home/libok/dev_ws/src/install/local_setup.sh'
[1.192s] INFO:colcon.colcon_core.shell:Creating prefix util module '/home/libok/dev_ws/src/install/_local_setup_util_sh.py'
[1.192s] INFO:colcon.colcon_core.shell:Creating prefix chain script '/home/libok/dev_ws/src/install/setup.sh'
[1.193s] INFO:colcon.colcon_core.shell:Creating prefix script '/home/libok/dev_ws/src/install/local_setup.bash'
[1.193s] INFO:colcon.colcon_core.shell:Creating prefix chain script '/home/libok/dev_ws/src/install/setup.bash'
[1.194s] INFO:colcon.colcon_core.shell:Creating prefix script '/home/libok/dev_ws/src/install/local_setup.zsh'
[1.194s] INFO:colcon.colcon_core.shell:Creating prefix chain script '/home/libok/dev_ws/src/install/setup.zsh'
